<?xml version="1.0" encoding="UTF-8"?>
<testsuite xmlns:xsi="http://www.w3.org/2001/XMLSchema-instance" xsi:noNamespaceSchemaLocation="https://maven.apache.org/surefire/maven-surefire-plugin/xsd/surefire-test-report.xsd" name="runner.TestRunner" time="111.666" tests="36" errors="0" skipped="8" failures="4">
  <properties>
[...]
</properties>
  <testcase name="Given I navigate to the app" classname="Scenario: Update personal information" time="0"/>
  <testcase name="Then I click login link" classname="Scenario: Update personal information" time="0"/>
  <testcase name="Then I login with username as &quot;test-user&quot; and password as &quot;TA12345&quot;" classname="Scenario: Update personal information" time="0"/>
  <testcase name="When I click username link" classname="Scenario: Update personal information" time="0"/>
  <testcase name="Then I should see username as &quot;test-user&quot; on the profile page" classname="Scenario: Update personal information" time="0"/>
  <testcase name="And I click update personal information link" classname="Scenario: Update personal information" time="0"/>
  <testcase name="And I enter name as &quot;Test&quot; and surname as &quot;Automation&quot; and email as &quot;emrahbakirtas@yahoo.com&quot; and city as &quot;Istanbul&quot;" classname="Scenario: Update personal information" time="0"/>
  <testcase name="And I log out" classname="Scenario: Update personal information" time="0"/>
  <testcase name="Scenario: Update personal information" classname="Scenario: Update personal information" time="2.51"/>
  <testcase name="Given I navigate to the app" classname="Scenario: Update password" time="0"/>
  <testcase name="Then I click login link" classname="Scenario: Update password" time="0"/>
  <testcase name="Then I login with username as &quot;test-user&quot; and password as &quot;TA12345&quot;" classname="Scenario: Update password" time="0"/>
  <testcase name="When I click username link" classname="Scenario: Update password" time="0"/>
  <testcase name="Then I should see username as &quot;test-user&quot; on the profile page" classname="Scenario: Update password" time="0"/>
  <testcase name="And I click update password link" classname="Scenario: Update password" time="0"/>
  <testcase name="And I enter oldPassword as &quot;TA12345&quot; and newPassword as &quot;TA12345&quot;" classname="Scenario: Update password" time="0"/>
  <testcase name="And I log out" classname="Scenario: Update password" time="0"/>
  <testcase name="Scenario: Update password" classname="Scenario: Update password" time="2.303"/>
  <testcase name="Given I navigate to the app" classname="| winter sleep | 88 |" time="0"/>
  <testcase name="Then I click login link" classname="| winter sleep | 88 |" time="0"/>
  <testcase name="And I login with username as &quot;test-user&quot; and password as &quot;TA12345&quot;" classname="| winter sleep | 88 |" time="0"/>
  <testcase name="And I search a winter sleep" classname="| winter sleep | 88 |" time="0.008">
    <failure message="expected:&lt;false&gt; but was:&lt;true&gt;" type="java.lang.AssertionError"><![CDATA[java.lang.AssertionError: expected:<false> but was:<true>
]]></failure>
  </testcase>
  <testcase name="| winter sleep | 88 |" classname="| winter sleep | 88 |" time="0.008">
    <failure message="expected:&lt;false&gt; but was:&lt;true&gt;" type="java.lang.AssertionError"><![CDATA[java.lang.AssertionError: expected:<false> but was:<true>
]]></failure>
  </testcase>
  <testcase name="When I click on movie" classname="| winter sleep | 88 |" time="0">
    <skipped/>
  </testcase>
  <testcase name="Then I should see movie page that includes the winter sleep" classname="| winter sleep | 88 |" time="0">
    <skipped/>
  </testcase>
  <testcase name="And I vote for the movie with 88" classname="| winter sleep | 88 |" time="0">
    <skipped/>
  </testcase>
  <testcase name="And I log out" classname="| winter sleep | 88 |" time="0">
    <skipped/>
  </testcase>
  <testcase name="Given I navigate to the app" classname="| the dark knight | 97 |" time="0"/>
  <testcase name="Then I click login link" classname="| the dark knight | 97 |" time="0"/>
  <testcase name="And I login with username as &quot;test-user&quot; and password as &quot;TA12345&quot;" classname="| the dark knight | 97 |" time="0"/>
  <testcase name="And I search a the dark knight" classname="| the dark knight | 97 |" time="0.001">
    <failure message="expected:&lt;false&gt; but was:&lt;true&gt;" type="java.lang.AssertionError"><![CDATA[java.lang.AssertionError: expected:<false> but was:<true>
]]></failure>
  </testcase>
  <testcase name="| the dark knight | 97 |" classname="| the dark knight | 97 |" time="0.001">
    <failure message="expected:&lt;false&gt; but was:&lt;true&gt;" type="java.lang.AssertionError"><![CDATA[java.lang.AssertionError: expected:<false> but was:<true>
]]></failure>
  </testcase>
  <testcase name="When I click on movie" classname="| the dark knight | 97 |" time="0">
    <skipped/>
  </testcase>
  <testcase name="Then I should see movie page that includes the the dark knight" classname="| the dark knight | 97 |" time="0">
    <skipped/>
  </testcase>
  <testcase name="And I vote for the movie with 97" classname="| the dark knight | 97 |" time="0">
    <skipped/>
  </testcase>
  <testcase name="And I log out" classname="| the dark knight | 97 |" time="0">
    <skipped/>
  </testcase>
</testsuite>